Started GET "/" for 127.0.0.1 at 2020-09-24 20:48:29 -0300
  [1m[35m (1.0ms)[0m  [1m[34mSELECT sqlite_version(*)[0m
Processing by Rails::WelcomeController#index as HTML
  Rendering /var/lib/gems/2.7.0/gems/railties-6.0.3.3/lib/rails/templates/rails/welcome/index.html.erb
  Rendered /var/lib/gems/2.7.0/gems/railties-6.0.3.3/lib/rails/templates/rails/welcome/index.html.erb (Duration: 6.4ms | Allocations: 407)
Completed 200 OK in 15ms (Views: 9.1ms | ActiveRecord: 0.0ms | Allocations: 2385)


  [1m[35m (0.5ms)[0m  [1m[34mSELECT sqlite_version(*)[0m
  [1m[35m (9.2ms)[0m  [1m[35mCREATE TABLE "schema_migrations" ("version" varchar NOT NULL PRIMARY KEY)[0m
  [1m[35m (8.7ms)[0m  [1m[35mCREATE TABLE "ar_internal_metadata" ("key" varchar NOT NULL PRIMARY KEY, "value" varchar, "created_at" datetime(6) NOT NULL, "updated_at" datetime(6) NOT NULL)[0m
  [1m[35m (0.1ms)[0m  [1m[34mSELECT "schema_migrations"."version" FROM "schema_migrations" ORDER BY "schema_migrations"."version" ASC[0m
Migrating to CreateTodoLists (20200925201637)
  [1m[35m (0.1ms)[0m  [1m[36mbegin transaction[0m
  [1m[35m (0.3ms)[0m  [1m[35mCREATE TABLE "todo_lists" ("id" integer PRIMARY KEY AUTOINCREMENT NOT NULL, "title" varchar, "description" varchar, "created_at" datetime(6) NOT NULL, "updated_at" datetime(6) NOT NULL)[0m
  [1m[36mprimary::SchemaMigration Create (0.1ms)[0m  [1m[32mINSERT INTO "schema_migrations" ("version") VALUES (?)[0m  [["version", "20200925201637"]]
  [1m[35m (12.8ms)[0m  [1m[36mcommit transaction[0m
  [1m[36mActiveRecord::InternalMetadata Load (0.2ms)[0m  [1m[34mSELECT "ar_internal_metadata".* FROM "ar_internal_metadata" WHERE "ar_internal_metadata"."key" = ? LIMIT ?[0m  [["key", "environment"], ["LIMIT", 1]]
  [1m[35m (0.1ms)[0m  [1m[36mbegin transaction[0m
  [1m[36mActiveRecord::InternalMetadata Create (0.4ms)[0m  [1m[32mINSERT INTO "ar_internal_metadata" ("key", "value", "created_at", "updated_at") VALUES (?, ?, ?, ?)[0m  [["key", "environment"], ["value", "development"], ["created_at", "2020-09-25 20:17:50.934030"], ["updated_at", "2020-09-25 20:17:50.934030"]]
  [1m[35m (4.9ms)[0m  [1m[36mcommit transaction[0m
  [1m[35m (0.1ms)[0m  [1m[34mSELECT sqlite_version(*)[0m
  [1m[35m (0.1ms)[0m  [1m[34mSELECT "schema_migrations"."version" FROM "schema_migrations" ORDER BY "schema_migrations"."version" ASC[0m
Started GET "/" for 127.0.0.1 at 2020-09-25 17:18:17 -0300
  [1m[35m (2.2ms)[0m  [1m[34mSELECT sqlite_version(*)[0m
  [1m[35m (0.4ms)[0m  [1m[34mSELECT "schema_migrations"."version" FROM "schema_migrations" ORDER BY "schema_migrations"."version" ASC[0m
Processing by Rails::WelcomeController#index as HTML
  Rendering /var/lib/gems/2.7.0/gems/railties-6.0.3.3/lib/rails/templates/rails/welcome/index.html.erb
  Rendered /var/lib/gems/2.7.0/gems/railties-6.0.3.3/lib/rails/templates/rails/welcome/index.html.erb (Duration: 12.0ms | Allocations: 295)
Completed 200 OK in 20ms (Views: 13.6ms | ActiveRecord: 0.0ms | Allocations: 1684)


Started GET "/todo_lists" for 127.0.0.1 at 2020-09-25 17:18:41 -0300
Processing by TodoListsController#index as HTML
  Rendering todo_lists/index.html.erb within layouts/application
  [1m[36mTodoList Load (0.2ms)[0m  [1m[34mSELECT "todo_lists".* FROM "todo_lists"[0m
  ↳ app/views/todo_lists/index.html.erb:15
  Rendered todo_lists/index.html.erb within layouts/application (Duration: 3.7ms | Allocations: 1298)
[Webpacker] Compiling...
[Webpacker] Compiled all packs in /home/carloscardoso/Dev/projects/to_do_list/public/packs
[Webpacker] Hash: 15d1bb7b54cf6326b9ba
Version: webpack 4.44.2
Time: 1890ms
Built at: 09/25/2020 5:18:45 PM
                                     Asset       Size       Chunks                         Chunk Names
    js/application-9afcbb5693aa87623e69.js    124 KiB  application  [emitted] [immutable]  application
js/application-9afcbb5693aa87623e69.js.map    139 KiB  application  [emitted] [dev]        application
                             manifest.json  364 bytes               [emitted]              
Entrypoint application = js/application-9afcbb5693aa87623e69.js js/application-9afcbb5693aa87623e69.js.map
[./app/javascript/channels sync recursive _channel\.js$] ./app/javascript/channels sync _channel\.js$ 160 bytes {application} [built]
[./app/javascript/channels/index.js] 211 bytes {application} [built]
[./app/javascript/packs/application.js] 749 bytes {application} [built]
[./node_modules/webpack/buildin/module.js] (webpack)/buildin/module.js 552 bytes {application} [built]
    + 3 hidden modules

Completed 200 OK in 4187ms (Views: 4180.0ms | ActiveRecord: 0.6ms | Allocations: 22618)


Started GET "/" for 127.0.0.1 at 2020-10-17 16:00:32 -0300
  [1m[35m (1.6ms)[0m  [1m[34mSELECT sqlite_version(*)[0m
  [1m[35m (0.1ms)[0m  [1m[34mSELECT "schema_migrations"."version" FROM "schema_migrations" ORDER BY "schema_migrations"."version" ASC[0m
Processing by Rails::WelcomeController#index as HTML
  Rendering /var/lib/gems/2.7.0/gems/railties-6.0.3.3/lib/rails/templates/rails/welcome/index.html.erb
  Rendered /var/lib/gems/2.7.0/gems/railties-6.0.3.3/lib/rails/templates/rails/welcome/index.html.erb (Duration: 16.8ms | Allocations: 454)
Completed 200 OK in 27ms (Views: 19.2ms | ActiveRecord: 0.0ms | Allocations: 2112)


Started GET "/todo_lists" for 127.0.0.1 at 2020-10-17 16:01:11 -0300
Processing by TodoListsController#index as HTML
  Rendering todo_lists/index.html.erb within layouts/application
  [1m[36mTodoList Load (0.2ms)[0m  [1m[34mSELECT "todo_lists".* FROM "todo_lists"[0m
  ↳ app/views/todo_lists/index.html.erb:15
  Rendered todo_lists/index.html.erb within layouts/application (Duration: 3.4ms | Allocations: 1297)
[Webpacker] Everything's up-to-date. Nothing to do
Completed 200 OK in 21ms (Views: 18.5ms | ActiveRecord: 0.6ms | Allocations: 8131)


Started GET "/todo_lists/new" for 127.0.0.1 at 2020-10-17 16:01:54 -0300
Processing by TodoListsController#new as HTML
  Rendering todo_lists/new.html.erb within layouts/application
  Rendered todo_lists/_form.html.erb (Duration: 21.6ms | Allocations: 9208)
  Rendered todo_lists/new.html.erb within layouts/application (Duration: 23.7ms | Allocations: 9543)
[Webpacker] Everything's up-to-date. Nothing to do
Completed 200 OK in 40ms (Views: 29.2ms | ActiveRecord: 0.7ms | Allocations: 15693)


Started POST "/todo_lists" for 127.0.0.1 at 2020-10-17 16:02:04 -0300
Processing by TodoListsController#create as HTML
  Parameters: {"authenticity_token"=>"jAk4bUwfeMjX1o0fAAE0whJyBANlCLWt6WAyRizNa0yhUJ5i4fIm20X4iMtrtvYxqb3oS6LAbAVBO2P64sylGw==", "todo_list"=>{"title"=>"first", "description"=>"dirst todo test "}, "commit"=>"Create Todo list"}
  [1m[35m (0.1ms)[0m  [1m[36mbegin transaction[0m
  ↳ app/controllers/todo_lists_controller.rb:30:in `block in create'
  [1m[36mTodoList Create (0.3ms)[0m  [1m[32mINSERT INTO "todo_lists" ("title", "description", "created_at", "updated_at") VALUES (?, ?, ?, ?)[0m  [["title", "first"], ["description", "dirst todo test "], ["created_at", "2020-10-17 19:02:04.790006"], ["updated_at", "2020-10-17 19:02:04.790006"]]
  ↳ app/controllers/todo_lists_controller.rb:30:in `block in create'
  [1m[35m (7.1ms)[0m  [1m[36mcommit transaction[0m
  ↳ app/controllers/todo_lists_controller.rb:30:in `block in create'
Redirected to http://localhost:3000/todo_lists/1
Completed 302 Found in 15ms (ActiveRecord: 7.4ms | Allocations: 4013)


Started GET "/todo_lists/1" for 127.0.0.1 at 2020-10-17 16:02:04 -0300
Processing by TodoListsController#show as HTML
  Parameters: {"id"=>"1"}
  [1m[36mTodoList Load (0.2ms)[0m  [1m[34mSELECT "todo_lists".* FROM "todo_lists" WHERE "todo_lists"."id" = ? LIMIT ?[0m  [["id", 1], ["LIMIT", 1]]
  ↳ app/controllers/todo_lists_controller.rb:67:in `set_todo_list'
  Rendering todo_lists/show.html.erb within layouts/application
  Rendered todo_lists/show.html.erb within layouts/application (Duration: 1.1ms | Allocations: 252)
[Webpacker] Everything's up-to-date. Nothing to do
Completed 200 OK in 9ms (Views: 5.4ms | ActiveRecord: 0.2ms | Allocations: 4759)


Started GET "/" for 127.0.0.1 at 2020-10-17 16:03:46 -0300
  [1m[35m (0.7ms)[0m  [1m[34mSELECT sqlite_version(*)[0m
  [1m[35m (0.2ms)[0m  [1m[34mSELECT "schema_migrations"."version" FROM "schema_migrations" ORDER BY "schema_migrations"."version" ASC[0m
Processing by TodoListsController#index as HTML
  Rendering todo_lists/index.html.erb within layouts/application
  [1m[36mTodoList Load (0.2ms)[0m  [1m[34mSELECT "todo_lists".* FROM "todo_lists"[0m
  ↳ app/views/todo_lists/index.html.erb:15
  Rendered todo_lists/index.html.erb within layouts/application (Duration: 8.7ms | Allocations: 4332)
[Webpacker] Everything's up-to-date. Nothing to do
Completed 200 OK in 33ms (Views: 23.3ms | ActiveRecord: 0.8ms | Allocations: 11884)


Started GET "/" for 127.0.0.1 at 2020-10-17 16:06:14 -0300
  [1m[35m (3.6ms)[0m  [1m[34mSELECT sqlite_version(*)[0m
  [1m[35m (0.4ms)[0m  [1m[34mSELECT "schema_migrations"."version" FROM "schema_migrations" ORDER BY "schema_migrations"."version" ASC[0m
Processing by TodoListsController#index as HTML
  Rendering todo_lists/index.html.erb within layouts/application
  [1m[36mTodoList Load (0.2ms)[0m  [1m[34mSELECT "todo_lists".* FROM "todo_lists"[0m
  ↳ app/views/todo_lists/index.html.erb:15
  Rendered todo_lists/index.html.erb within layouts/application (Duration: 11.7ms | Allocations: 4397)
[Webpacker] Everything's up-to-date. Nothing to do
Completed 200 OK in 36ms (Views: 27.0ms | ActiveRecord: 0.8ms | Allocations: 12248)


  [1m[35m (0.3ms)[0m  [1m[34mSELECT sqlite_version(*)[0m
  [1m[35m (0.1ms)[0m  [1m[34mSELECT "schema_migrations"."version" FROM "schema_migrations" ORDER BY "schema_migrations"."version" ASC[0m
Migrating to CreateTodoItems (20201017190714)
  [1m[35m (0.1ms)[0m  [1m[36mbegin transaction[0m
  [1m[35m (0.3ms)[0m  [1m[35mCREATE TABLE "todo_items" ("id" integer PRIMARY KEY AUTOINCREMENT NOT NULL, "content" varchar NOT NULL, "todo_list_id" integer, CONSTRAINT "fk_rails_d913ce1c56"
FOREIGN KEY ("todo_list_id")
  REFERENCES "todo_lists" ("id")
)[0m
  [1m[35m (0.2ms)[0m  [1m[35mCREATE  INDEX "index_todo_items_on_todo_list_id" ON "todo_items" ("todo_list_id")[0m
  [1m[36mprimary::SchemaMigration Create (0.1ms)[0m  [1m[32mINSERT INTO "schema_migrations" ("version") VALUES (?)[0m  [["version", "20201017190714"]]
  [1m[35m (7.3ms)[0m  [1m[36mcommit transaction[0m
  [1m[36mActiveRecord::InternalMetadata Load (0.2ms)[0m  [1m[34mSELECT "ar_internal_metadata".* FROM "ar_internal_metadata" WHERE "ar_internal_metadata"."key" = ? LIMIT ?[0m  [["key", "environment"], ["LIMIT", 1]]
  [1m[35m (0.2ms)[0m  [1m[34mSELECT sqlite_version(*)[0m
  [1m[35m (0.2ms)[0m  [1m[34mSELECT "schema_migrations"."version" FROM "schema_migrations" ORDER BY "schema_migrations"."version" ASC[0m
Started GET "/" for 127.0.0.1 at 2020-10-17 16:11:48 -0300
  
NoMethodError (undefined method `reources' for #<ActionDispatch::Routing::Mapper:0x00007fa2e86e54a0>
Did you mean?  resources
               resource):
  
config/routes.rb:3:in `block (2 levels) in <main>'
config/routes.rb:2:in `block in <main>'
config/routes.rb:1:in `<main>'
Started GET "/" for 127.0.0.1 at 2020-10-17 16:11:56 -0300
  [1m[35m (0.1ms)[0m  [1m[34mSELECT sqlite_version(*)[0m
  [1m[35m (0.1ms)[0m  [1m[34mSELECT "schema_migrations"."version" FROM "schema_migrations" ORDER BY "schema_migrations"."version" ASC[0m
Processing by TodoListsController#index as HTML
  Rendering todo_lists/index.html.erb within layouts/application
  [1m[36mTodoList Load (0.2ms)[0m  [1m[34mSELECT "todo_lists".* FROM "todo_lists"[0m
  ↳ app/views/todo_lists/index.html.erb:15
  Rendered todo_lists/index.html.erb within layouts/application (Duration: 11.0ms | Allocations: 3720)
[Webpacker] Everything's up-to-date. Nothing to do
Completed 200 OK in 28ms (Views: 18.2ms | ActiveRecord: 0.8ms | Allocations: 8674)


Started GET "/" for 127.0.0.1 at 2020-10-17 16:23:20 -0300
  [1m[35m (0.1ms)[0m  [1m[34mSELECT sqlite_version(*)[0m
Processing by TodoListsController#index as HTML
  Rendering todo_lists/index.html.erb within layouts/application
  [1m[36mTodoList Load (0.2ms)[0m  [1m[34mSELECT "todo_lists".* FROM "todo_lists"[0m
  ↳ app/views/todo_lists/index.html.erb:15
  Rendered todo_lists/index.html.erb within layouts/application (Duration: 12.6ms | Allocations: 3982)
[Webpacker] Everything's up-to-date. Nothing to do
Completed 200 OK in 67ms (Views: 62.5ms | ActiveRecord: 0.9ms | Allocations: 18282)


Started GET "/" for 127.0.0.1 at 2020-10-17 16:23:33 -0300
  [1m[35m (0.4ms)[0m  [1m[34mSELECT sqlite_version(*)[0m
  [1m[35m (0.2ms)[0m  [1m[34mSELECT "schema_migrations"."version" FROM "schema_migrations" ORDER BY "schema_migrations"."version" ASC[0m
Processing by TodoListsController#index as HTML
  Rendering todo_lists/index.html.erb within layouts/application
  [1m[36mTodoList Load (0.2ms)[0m  [1m[34mSELECT "todo_lists".* FROM "todo_lists"[0m
  ↳ app/views/todo_lists/index.html.erb:15
  Rendered todo_lists/index.html.erb within layouts/application (Duration: 17.3ms | Allocations: 4396)
[Webpacker] Everything's up-to-date. Nothing to do
Completed 200 OK in 71ms (Views: 56.3ms | ActiveRecord: 2.0ms | Allocations: 17351)


Started GET "/" for 127.0.0.1 at 2020-10-17 16:27:02 -0300
  [1m[35m (0.1ms)[0m  [1m[34mSELECT sqlite_version(*)[0m
Processing by TodoListsController#index as HTML
  Rendering todo_lists/index.html.erb within layouts/application
  [1m[36mTodoList Load (0.5ms)[0m  [1m[34mSELECT "todo_lists".* FROM "todo_lists"[0m
  ↳ app/views/todo_lists/index.html.erb:15
  Rendered todo_lists/index.html.erb within layouts/application (Duration: 24.6ms | Allocations: 3983)
[Webpacker] Everything's up-to-date. Nothing to do
Completed 200 OK in 42ms (Views: 33.8ms | ActiveRecord: 2.9ms | Allocations: 9119)


Started DELETE "/todo_lists/1" for 127.0.0.1 at 2020-10-17 16:27:28 -0300
  [1m[35m (0.2ms)[0m  [1m[34mSELECT sqlite_version(*)[0m
Processing by TodoListsController#destroy as HTML
  Parameters: {"authenticity_token"=>"voG4y13+KhnlCvCdQCjm5DhnIWKWOJ03jgZueDv9UMF0JYV6+8UXyEY9mUDt94SqiofKKDdzUQtW7Z/NCrXkzw==", "id"=>"1"}
  [1m[36mTodoList Load (0.2ms)[0m  [1m[34mSELECT "todo_lists".* FROM "todo_lists" WHERE "todo_lists"."id" = ? LIMIT ?[0m  [["id", 1], ["LIMIT", 1]]
  ↳ app/controllers/todo_lists_controller.rb:67:in `set_todo_list'
  [1m[35m (0.1ms)[0m  [1m[36mbegin transaction[0m
  ↳ app/controllers/todo_lists_controller.rb:57:in `destroy'
  [1m[36mTodoList Destroy (0.5ms)[0m  [1m[31mDELETE FROM "todo_lists" WHERE "todo_lists"."id" = ?[0m  [["id", 1]]
  ↳ app/controllers/todo_lists_controller.rb:57:in `destroy'
  [1m[35m (5.5ms)[0m  [1m[36mcommit transaction[0m
  ↳ app/controllers/todo_lists_controller.rb:57:in `destroy'
Redirected to http://localhost:3000/todo_lists
Completed 302 Found in 33ms (ActiveRecord: 7.2ms | Allocations: 6943)


Started GET "/todo_lists" for 127.0.0.1 at 2020-10-17 16:27:28 -0300
  [1m[35m (0.1ms)[0m  [1m[34mSELECT sqlite_version(*)[0m
Processing by TodoListsController#index as HTML
  Rendering todo_lists/index.html.erb within layouts/application
  [1m[36mTodoList Load (0.2ms)[0m  [1m[34mSELECT "todo_lists".* FROM "todo_lists"[0m
  ↳ app/views/todo_lists/index.html.erb:15
  Rendered todo_lists/index.html.erb within layouts/application (Duration: 9.7ms | Allocations: 1086)
[Webpacker] Everything's up-to-date. Nothing to do
Completed 200 OK in 20ms (Views: 13.2ms | ActiveRecord: 2.8ms | Allocations: 5571)


Started GET "/" for 127.0.0.1 at 2020-10-17 16:28:01 -0300
  [1m[35m (1.9ms)[0m  [1m[34mSELECT sqlite_version(*)[0m
  [1m[35m (0.3ms)[0m  [1m[34mSELECT "schema_migrations"."version" FROM "schema_migrations" ORDER BY "schema_migrations"."version" ASC[0m
Processing by TodoListsController#index as HTML
  Rendering todo_lists/index.html.erb within layouts/application
  [1m[36mTodoList Load (0.4ms)[0m  [1m[34mSELECT "todo_lists".* FROM "todo_lists"[0m
  ↳ app/views/todo_lists/index.html.erb:15
  Rendered todo_lists/index.html.erb within layouts/application (Duration: 9.6ms | Allocations: 1402)
[Webpacker] Everything's up-to-date. Nothing to do
Completed 200 OK in 33ms (Views: 23.7ms | ActiveRecord: 1.2ms | Allocations: 10207)


Started GET "/" for 127.0.0.1 at 2020-10-17 16:29:17 -0300
  [1m[35m (0.1ms)[0m  [1m[34mSELECT sqlite_version(*)[0m
Processing by TodoListsController#index as HTML
  Rendering todo_lists/index.html.erb within layouts/application
  [1m[36mTodoList Load (0.2ms)[0m  [1m[34mSELECT "todo_lists".* FROM "todo_lists"[0m
  ↳ app/views/todo_lists/index.html.erb:15
  Rendered todo_lists/index.html.erb within layouts/application (Duration: 3.5ms | Allocations: 1325)
[Webpacker] Everything's up-to-date. Nothing to do
Completed 200 OK in 15ms (Views: 11.3ms | ActiveRecord: 0.6ms | Allocations: 6471)


Started GET "/" for 127.0.0.1 at 2020-10-17 16:30:01 -0300
  [1m[35m (0.4ms)[0m  [1m[34mSELECT sqlite_version(*)[0m
  [1m[35m (0.4ms)[0m  [1m[34mSELECT "schema_migrations"."version" FROM "schema_migrations" ORDER BY "schema_migrations"."version" ASC[0m
Processing by TodoListsController#index as HTML
  Rendering todo_lists/index.html.erb within layouts/application
  [1m[36mTodoList Load (0.2ms)[0m  [1m[34mSELECT "todo_lists".* FROM "todo_lists"[0m
  ↳ app/views/todo_lists/index.html.erb:15
  Rendered todo_lists/index.html.erb within layouts/application (Duration: 8.5ms | Allocations: 1417)
[Webpacker] Everything's up-to-date. Nothing to do
Completed 200 OK in 41ms (Views: 29.1ms | ActiveRecord: 1.9ms | Allocations: 10402)


Started GET "/todo_lists/new" for 127.0.0.1 at 2020-10-17 16:30:02 -0300
  [1m[35m (0.4ms)[0m  [1m[34mSELECT sqlite_version(*)[0m
Processing by TodoListsController#new as HTML
  Rendering todo_lists/new.html.erb within layouts/application
  Rendered todo_lists/_form.html.erb (Duration: 16.2ms | Allocations: 2616)
  Rendered todo_lists/new.html.erb within layouts/application (Duration: 20.9ms | Allocations: 2952)
[Webpacker] Everything's up-to-date. Nothing to do
Completed 200 OK in 67ms (Views: 36.7ms | ActiveRecord: 3.0ms | Allocations: 10617)


Started POST "/todo_lists" for 127.0.0.1 at 2020-10-17 16:30:25 -0300
  [1m[35m (0.1ms)[0m  [1m[34mSELECT sqlite_version(*)[0m
Processing by TodoListsController#create as HTML
  Parameters: {"authenticity_token"=>"nNGDcMz+9IZgDFwhwdWc77piTxumZoeUjhje79i9BvaxiCV/YROqlfIiWfWqYl4cAa2jU2GuXjwmQ49TFrzIoQ==", "todo_list"=>{"title"=>"Vapo vapo", "description"=>"porradinha seca"}, "commit"=>"Create Todo list"}
  [1m[35m (0.1ms)[0m  [1m[36mbegin transaction[0m
  ↳ app/controllers/todo_lists_controller.rb:30:in `block in create'
  [1m[36mTodoList Create (1.1ms)[0m  [1m[32mINSERT INTO "todo_lists" ("title", "description", "created_at", "updated_at") VALUES (?, ?, ?, ?)[0m  [["title", "Vapo vapo"], ["description", "porradinha seca"], ["created_at", "2020-10-17 19:30:25.980375"], ["updated_at", "2020-10-17 19:30:25.980375"]]
  ↳ app/controllers/todo_lists_controller.rb:30:in `block in create'
  [1m[35m (7.0ms)[0m  [1m[36mcommit transaction[0m
  ↳ app/controllers/todo_lists_controller.rb:30:in `block in create'
Redirected to http://localhost:3000/todo_lists/2
Completed 302 Found in 40ms (ActiveRecord: 10.7ms | Allocations: 6875)


Started GET "/todo_lists/2" for 127.0.0.1 at 2020-10-17 16:30:26 -0300
  [1m[35m (0.4ms)[0m  [1m[34mSELECT sqlite_version(*)[0m
Processing by TodoListsController#show as HTML
  Parameters: {"id"=>"2"}
  [1m[36mTodoList Load (0.3ms)[0m  [1m[34mSELECT "todo_lists".* FROM "todo_lists" WHERE "todo_lists"."id" = ? LIMIT ?[0m  [["id", 2], ["LIMIT", 1]]
  ↳ app/controllers/todo_lists_controller.rb:67:in `set_todo_list'
  Rendering todo_lists/show.html.erb within layouts/application
  [1m[36mTodoItem Load (0.6ms)[0m  [1m[34mSELECT "todo_items".* FROM "todo_items" WHERE "todo_items"."todo_list_id" = ?[0m  [["todo_list_id", 2]]
  ↳ app/views/todo_lists/show.html.erb:14
  Rendered collection of templates [0 times] (Duration: 0.1ms | Allocations: 3)
  Rendered todo_items/_form.html.erb (Duration: 22.0ms | Allocations: 3752)
  Rendered todo_lists/show.html.erb within layouts/application (Duration: 63.9ms | Allocations: 10600)
[Webpacker] Everything's up-to-date. Nothing to do
Completed 200 OK in 110ms (Views: 73.4ms | ActiveRecord: 4.0ms | Allocations: 18910)


Started GET "/todo_lists/2" for 127.0.0.1 at 2020-10-17 16:32:35 -0300
  [1m[35m (0.1ms)[0m  [1m[34mSELECT sqlite_version(*)[0m
Processing by TodoListsController#show as HTML
  Parameters: {"id"=>"2"}
  [1m[36mTodoList Load (0.3ms)[0m  [1m[34mSELECT "todo_lists".* FROM "todo_lists" WHERE "todo_lists"."id" = ? LIMIT ?[0m  [["id", 2], ["LIMIT", 1]]
  ↳ app/controllers/todo_lists_controller.rb:67:in `set_todo_list'
  Rendering todo_lists/show.html.erb within layouts/application
  [1m[36mTodoItem Load (0.3ms)[0m  [1m[34mSELECT "todo_items".* FROM "todo_items" WHERE "todo_items"."todo_list_id" = ?[0m  [["todo_list_id", 2]]
  ↳ app/views/todo_lists/show.html.erb:14
  Rendered collection of templates [0 times] (Duration: 0.5ms | Allocations: 3)
  Rendered todo_items/_form.html.erb (Duration: 15.5ms | Allocations: 2787)
  Rendered todo_lists/show.html.erb within layouts/application (Duration: 30.4ms | Allocations: 5355)
[Webpacker] Everything's up-to-date. Nothing to do
Completed 200 OK in 63ms (Views: 43.2ms | ActiveRecord: 2.8ms | Allocations: 13959)


Started GET "/todo_lists/2" for 127.0.0.1 at 2020-10-17 16:33:07 -0300
  [1m[35m (0.2ms)[0m  [1m[34mSELECT sqlite_version(*)[0m
Processing by TodoListsController#show as HTML
  Parameters: {"id"=>"2"}
  [1m[36mTodoList Load (0.3ms)[0m  [1m[34mSELECT "todo_lists".* FROM "todo_lists" WHERE "todo_lists"."id" = ? LIMIT ?[0m  [["id", 2], ["LIMIT", 1]]
  ↳ app/controllers/todo_lists_controller.rb:67:in `set_todo_list'
  Rendering todo_lists/show.html.erb within layouts/application
  [1m[36mTodoItem Load (0.5ms)[0m  [1m[34mSELECT "todo_items".* FROM "todo_items" WHERE "todo_items"."todo_list_id" = ?[0m  [["todo_list_id", 2]]
  ↳ app/views/todo_lists/show.html.erb:14
  Rendered collection of templates [0 times] (Duration: 0.2ms | Allocations: 3)
  Rendered todo_items/_form.html.erb (Duration: 16.0ms | Allocations: 2658)
  Rendered todo_lists/show.html.erb within layouts/application (Duration: 35.6ms | Allocations: 4896)
[Webpacker] Everything's up-to-date. Nothing to do
Completed 200 OK in 71ms (Views: 47.2ms | ActiveRecord: 5.6ms | Allocations: 12781)


Started POST "/todo_lists/2/todo_items" for 127.0.0.1 at 2020-10-17 16:56:07 -0300
  [1m[35m (0.1ms)[0m  [1m[34mSELECT sqlite_version(*)[0m
Processing by TodoItemsController#create as HTML
  Parameters: {"authenticity_token"=>"njaFlyRphrnzTZfhfsPBZWKX/NLUrGUwoHZ6/KnGyS9UkrgmglK7aFB6/jzTHKMr0HcXmHXnqQx4nYtJmI59IQ==", "todo_item"=>{"content"=>"vapo 2"}, "commit"=>"Create Todo item", "todo_list_id"=>"2"}
  [1m[36mTodoList Load (0.1ms)[0m  [1m[34mSELECT "todo_lists".* FROM "todo_lists" WHERE "todo_lists"."id" = ? LIMIT ?[0m  [["id", 2], ["LIMIT", 1]]
  ↳ app/controllers/todo_items_controller.rb:12:in `set_todo_list'
  [1m[35m (0.3ms)[0m  [1m[36mbegin transaction[0m
  ↳ app/controllers/todo_items_controller.rb:5:in `create'
  [1m[36mTodoItem Create (1.3ms)[0m  [1m[32mINSERT INTO "todo_items" ("content", "todo_list_id") VALUES (?, ?)[0m  [["content", "vapo 2"], ["todo_list_id", 2]]
  ↳ app/controllers/todo_items_controller.rb:5:in `create'
  [1m[35m (22.1ms)[0m  [1m[36mcommit transaction[0m
  ↳ app/controllers/todo_items_controller.rb:5:in `create'
Redirected to http://localhost:3000/todo_lists/2
Completed 302 Found in 67ms (ActiveRecord: 25.3ms | Allocations: 10325)


Started GET "/todo_lists/2" for 127.0.0.1 at 2020-10-17 16:56:07 -0300
  [1m[35m (0.1ms)[0m  [1m[34mSELECT sqlite_version(*)[0m
Processing by TodoListsController#show as HTML
  Parameters: {"id"=>"2"}
  [1m[36mTodoList Load (0.5ms)[0m  [1m[34mSELECT "todo_lists".* FROM "todo_lists" WHERE "todo_lists"."id" = ? LIMIT ?[0m  [["id", 2], ["LIMIT", 1]]
  ↳ app/controllers/todo_lists_controller.rb:67:in `set_todo_list'
  Rendering todo_lists/show.html.erb within layouts/application
  [1m[36mTodoItem Load (0.2ms)[0m  [1m[34mSELECT "todo_items".* FROM "todo_items" WHERE "todo_items"."todo_list_id" = ?[0m  [["todo_list_id", 2]]
  ↳ app/views/todo_lists/show.html.erb:14
  Rendered collection of todo_items/_todo_item.html.erb [1 times] (Duration: 2.5ms | Allocations: 669)
  Rendered todo_items/_form.html.erb (Duration: 3.9ms | Allocations: 774)
  Rendered todo_lists/show.html.erb within layouts/application (Duration: 29.2ms | Allocations: 6279)
[Webpacker] Everything's up-to-date. Nothing to do
Completed 200 OK in 89ms (Views: 54.0ms | ActiveRecord: 4.5ms | Allocations: 14896)


Started POST "/todo_lists/2/todo_items" for 127.0.0.1 at 2020-10-17 16:56:13 -0300
  [1m[35m (0.1ms)[0m  [1m[34mSELECT sqlite_version(*)[0m
Processing by TodoItemsController#create as HTML
  Parameters: {"authenticity_token"=>"FgmcX/RGFDxucKg3RzNXEJKjL920YxjE3QYu1b2pnDrcraHuUn0p7c1Hwerq7DVeIEPElxUo1PgF7d9gjOEoNA==", "todo_item"=>{"content"=>"vapo 3"}, "commit"=>"Create Todo item", "todo_list_id"=>"2"}
  [1m[36mTodoList Load (0.2ms)[0m  [1m[34mSELECT "todo_lists".* FROM "todo_lists" WHERE "todo_lists"."id" = ? LIMIT ?[0m  [["id", 2], ["LIMIT", 1]]
  ↳ app/controllers/todo_items_controller.rb:12:in `set_todo_list'
  [1m[35m (0.1ms)[0m  [1m[36mbegin transaction[0m
  ↳ app/controllers/todo_items_controller.rb:5:in `create'
  [1m[36mTodoItem Create (0.7ms)[0m  [1m[32mINSERT INTO "todo_items" ("content", "todo_list_id") VALUES (?, ?)[0m  [["content", "vapo 3"], ["todo_list_id", 2]]
  ↳ app/controllers/todo_items_controller.rb:5:in `create'
  [1m[35m (6.8ms)[0m  [1m[36mcommit transaction[0m
  ↳ app/controllers/todo_items_controller.rb:5:in `create'
Redirected to http://localhost:3000/todo_lists/2
Completed 302 Found in 58ms (ActiveRecord: 10.2ms | Allocations: 10346)


Started GET "/todo_lists/2" for 127.0.0.1 at 2020-10-17 16:56:14 -0300
  [1m[35m (0.1ms)[0m  [1m[34mSELECT sqlite_version(*)[0m
Processing by TodoListsController#show as HTML
  Parameters: {"id"=>"2"}
  [1m[36mTodoList Load (0.2ms)[0m  [1m[34mSELECT "todo_lists".* FROM "todo_lists" WHERE "todo_lists"."id" = ? LIMIT ?[0m  [["id", 2], ["LIMIT", 1]]
  ↳ app/controllers/todo_lists_controller.rb:67:in `set_todo_list'
  Rendering todo_lists/show.html.erb within layouts/application
  [1m[36mTodoItem Load (0.8ms)[0m  [1m[34mSELECT "todo_items".* FROM "todo_items" WHERE "todo_items"."todo_list_id" = ?[0m  [["todo_list_id", 2]]
  ↳ app/views/todo_lists/show.html.erb:14
  Rendered collection of todo_items/_todo_item.html.erb [2 times] (Duration: 1.3ms | Allocations: 687)
  Rendered todo_items/_form.html.erb (Duration: 1.7ms | Allocations: 641)
  Rendered todo_lists/show.html.erb within layouts/application (Duration: 22.0ms | Allocations: 5697)
[Webpacker] Everything's up-to-date. Nothing to do
Completed 200 OK in 44ms (Views: 27.9ms | ActiveRecord: 3.0ms | Allocations: 13548)


Started POST "/todo_lists/2/todo_items" for 127.0.0.1 at 2020-10-17 16:56:30 -0300
  [1m[35m (0.2ms)[0m  [1m[34mSELECT sqlite_version(*)[0m
Processing by TodoItemsController#create as HTML
  Parameters: {"authenticity_token"=>"da5JlnTuo23LT/9FCgNAnPFGk24rilcTb2clKQs9JkC/CnQn0tWevGh4lpin3CLSQ6Z4JIrBmy+3jNScOnWSTg==", "todo_item"=>{"content"=>"vapo 4"}, "commit"=>"Create Todo item", "todo_list_id"=>"2"}
  [1m[36mTodoList Load (0.3ms)[0m  [1m[34mSELECT "todo_lists".* FROM "todo_lists" WHERE "todo_lists"."id" = ? LIMIT ?[0m  [["id", 2], ["LIMIT", 1]]
  ↳ app/controllers/todo_items_controller.rb:12:in `set_todo_list'
  [1m[35m (0.1ms)[0m  [1m[36mbegin transaction[0m
  ↳ app/controllers/todo_items_controller.rb:5:in `create'
  [1m[36mTodoItem Create (1.0ms)[0m  [1m[32mINSERT INTO "todo_items" ("content", "todo_list_id") VALUES (?, ?)[0m  [["content", "vapo 4"], ["todo_list_id", 2]]
  ↳ app/controllers/todo_items_controller.rb:5:in `create'
  [1m[35m (6.1ms)[0m  [1m[36mcommit transaction[0m
  ↳ app/controllers/todo_items_controller.rb:5:in `create'
Redirected to http://localhost:3000/todo_lists/2
Completed 302 Found in 35ms (ActiveRecord: 8.9ms | Allocations: 10315)


Started GET "/todo_lists/2" for 127.0.0.1 at 2020-10-17 16:56:30 -0300
  [1m[35m (0.1ms)[0m  [1m[34mSELECT sqlite_version(*)[0m
Processing by TodoListsController#show as HTML
  Parameters: {"id"=>"2"}
  [1m[36mTodoList Load (0.1ms)[0m  [1m[34mSELECT "todo_lists".* FROM "todo_lists" WHERE "todo_lists"."id" = ? LIMIT ?[0m  [["id", 2], ["LIMIT", 1]]
  ↳ app/controllers/todo_lists_controller.rb:67:in `set_todo_list'
  Rendering todo_lists/show.html.erb within layouts/application
  [1m[36mTodoItem Load (0.1ms)[0m  [1m[34mSELECT "todo_items".* FROM "todo_items" WHERE "todo_items"."todo_list_id" = ?[0m  [["todo_list_id", 2]]
  ↳ app/views/todo_lists/show.html.erb:14
  Rendered collection of todo_items/_todo_item.html.erb [3 times] (Duration: 2.3ms | Allocations: 825)
  Rendered todo_items/_form.html.erb (Duration: 2.6ms | Allocations: 641)
  Rendered todo_lists/show.html.erb within layouts/application (Duration: 16.7ms | Allocations: 5852)
[Webpacker] Everything's up-to-date. Nothing to do
Completed 200 OK in 44ms (Views: 26.9ms | ActiveRecord: 2.2ms | Allocations: 13747)


Started GET "/todo_lists/2" for 127.0.0.1 at 2020-10-17 16:56:42 -0300
  [1m[35m (0.1ms)[0m  [1m[34mSELECT sqlite_version(*)[0m
Processing by TodoListsController#show as HTML
  Parameters: {"id"=>"2"}
  [1m[36mTodoList Load (0.1ms)[0m  [1m[34mSELECT "todo_lists".* FROM "todo_lists" WHERE "todo_lists"."id" = ? LIMIT ?[0m  [["id", 2], ["LIMIT", 1]]
  ↳ app/controllers/todo_lists_controller.rb:67:in `set_todo_list'
  Rendering todo_lists/show.html.erb within layouts/application
  [1m[36mTodoItem Load (0.4ms)[0m  [1m[34mSELECT "todo_items".* FROM "todo_items" WHERE "todo_items"."todo_list_id" = ?[0m  [["todo_list_id", 2]]
  ↳ app/views/todo_lists/show.html.erb:14
  Rendered collection of todo_items/_todo_item.html.erb [3 times] (Duration: 2.8ms | Allocations: 319)
  Rendered todo_items/_form.html.erb (Duration: 3.1ms | Allocations: 774)
  Rendered todo_lists/show.html.erb within layouts/application (Duration: 25.8ms | Allocations: 5904)
[Webpacker] Everything's up-to-date. Nothing to do
Completed 200 OK in 57ms (Views: 39.5ms | ActiveRecord: 3.3ms | Allocations: 14521)


Started DELETE "/todo_lists/2/todo_items/1" for 127.0.0.1 at 2020-10-17 16:56:50 -0300
  [1m[35m (0.1ms)[0m  [1m[34mSELECT sqlite_version(*)[0m
  
AbstractController::ActionNotFound (The action 'destroy' could not be found for TodoItemsController):
  
actionpack (6.0.3.3) lib/abstract_controller/base.rb:131:in `process'
actionview (6.0.3.3) lib/action_view/rendering.rb:39:in `process'
actionpack (6.0.3.3) lib/action_controller/metal.rb:190:in `dispatch'
actionpack (6.0.3.3) lib/action_controller/metal.rb:254:in `dispatch'
actionpack (6.0.3.3) lib/action_dispatch/routing/route_set.rb:50:in `dispatch'
actionpack (6.0.3.3) lib/action_dispatch/routing/route_set.rb:33:in `serve'
actionpack (6.0.3.3) lib/action_dispatch/journey/router.rb:49:in `block in serve'
actionpack (6.0.3.3) lib/action_dispatch/journey/router.rb:32:in `each'
actionpack (6.0.3.3) lib/action_dispatch/journey/router.rb:32:in `serve'
actionpack (6.0.3.3) lib/action_dispatch/routing/route_set.rb:834:in `call'
rack (2.2.3) lib/rack/tempfile_reaper.rb:15:in `call'
rack (2.2.3) lib/rack/etag.rb:27:in `call'
rack (2.2.3) lib/rack/conditional_get.rb:40:in `call'
rack (2.2.3) lib/rack/head.rb:12:in `call'
actionpack (6.0.3.3) lib/action_dispatch/http/content_security_policy.rb:18:in `call'
rack (2.2.3) lib/rack/session/abstract/id.rb:266:in `context'
rack (2.2.3) lib/rack/session/abstract/id.rb:260:in `call'
actionpack (6.0.3.3) lib/action_dispatch/middleware/cookies.rb:648:in `call'
activerecord (6.0.3.3) lib/active_record/migration.rb:567:in `call'
actionpack (6.0.3.3) lib/action_dispatch/middleware/callbacks.rb:27:in `block in call'
activesupport (6.0.3.3) lib/active_support/callbacks.rb:101:in `run_callbacks'
actionpack (6.0.3.3) lib/action_dispatch/middleware/callbacks.rb:26:in `call'
actionpack (6.0.3.3) lib/action_dispatch/middleware/executor.rb:14:in `call'
actionpack (6.0.3.3) lib/action_dispatch/middleware/actionable_exceptions.rb:17:in `call'
actionpack (6.0.3.3) lib/action_dispatch/middleware/debug_exceptions.rb:32:in `call'
web-console (4.0.4) lib/web_console/middleware.rb:132:in `call_app'
web-console (4.0.4) lib/web_console/middleware.rb:28:in `block in call'
web-console (4.0.4) lib/web_console/middleware.rb:17:in `catch'
web-console (4.0.4) lib/web_console/middleware.rb:17:in `call'
actionpack (6.0.3.3) lib/action_dispatch/middleware/show_exceptions.rb:33:in `call'
railties (6.0.3.3) lib/rails/rack/logger.rb:37:in `call_app'
railties (6.0.3.3) lib/rails/rack/logger.rb:26:in `block in call'
activesupport (6.0.3.3) lib/active_support/tagged_logging.rb:80:in `block in tagged'
activesupport (6.0.3.3) lib/active_support/tagged_logging.rb:28:in `tagged'
activesupport (6.0.3.3) lib/active_support/tagged_logging.rb:80:in `tagged'
railties (6.0.3.3) lib/rails/rack/logger.rb:26:in `call'
sprockets-rails (3.2.2) lib/sprockets/rails/quiet_assets.rb:13:in `call'
actionpack (6.0.3.3) lib/action_dispatch/middleware/remote_ip.rb:81:in `call'
actionpack (6.0.3.3) lib/action_dispatch/middleware/request_id.rb:27:in `call'
rack (2.2.3) lib/rack/method_override.rb:24:in `call'
rack (2.2.3) lib/rack/runtime.rb:22:in `call'
activesupport (6.0.3.3) lib/active_support/cache/strategy/local_cache_middleware.rb:29:in `call'
actionpack (6.0.3.3) lib/action_dispatch/middleware/executor.rb:14:in `call'
actionpack (6.0.3.3) lib/action_dispatch/middleware/static.rb:126:in `call'
rack (2.2.3) lib/rack/sendfile.rb:110:in `call'
actionpack (6.0.3.3) lib/action_dispatch/middleware/host_authorization.rb:82:in `call'
webpacker (4.3.0) lib/webpacker/dev_server_proxy.rb:23:in `perform_request'
rack-proxy (0.6.5) lib/rack/proxy.rb:57:in `call'
railties (6.0.3.3) lib/rails/engine.rb:527:in `call'
puma (4.3.6) lib/puma/configuration.rb:228:in `call'
puma (4.3.6) lib/puma/server.rb:713:in `handle_request'
puma (4.3.6) lib/puma/server.rb:472:in `process_client'
puma (4.3.6) lib/puma/server.rb:328:in `block in run'
puma (4.3.6) lib/puma/thread_pool.rb:134:in `block in spawn_thread'
Started DELETE "/todo_lists/2/todo_items/1" for 127.0.0.1 at 2020-10-17 17:00:56 -0300
  [1m[35m (0.1ms)[0m  [1m[34mSELECT sqlite_version(*)[0m
  
AbstractController::ActionNotFound (The action 'destroy' could not be found for TodoItemsController):
  
actionpack (6.0.3.3) lib/abstract_controller/base.rb:131:in `process'
actionview (6.0.3.3) lib/action_view/rendering.rb:39:in `process'
actionpack (6.0.3.3) lib/action_controller/metal.rb:190:in `dispatch'
actionpack (6.0.3.3) lib/action_controller/metal.rb:254:in `dispatch'
actionpack (6.0.3.3) lib/action_dispatch/routing/route_set.rb:50:in `dispatch'
actionpack (6.0.3.3) lib/action_dispatch/routing/route_set.rb:33:in `serve'
actionpack (6.0.3.3) lib/action_dispatch/journey/router.rb:49:in `block in serve'
actionpack (6.0.3.3) lib/action_dispatch/journey/router.rb:32:in `each'
actionpack (6.0.3.3) lib/action_dispatch/journey/router.rb:32:in `serve'
actionpack (6.0.3.3) lib/action_dispatch/routing/route_set.rb:834:in `call'
rack (2.2.3) lib/rack/tempfile_reaper.rb:15:in `call'
rack (2.2.3) lib/rack/etag.rb:27:in `call'
rack (2.2.3) lib/rack/conditional_get.rb:40:in `call'
rack (2.2.3) lib/rack/head.rb:12:in `call'
actionpack (6.0.3.3) lib/action_dispatch/http/content_security_policy.rb:18:in `call'
rack (2.2.3) lib/rack/session/abstract/id.rb:266:in `context'
rack (2.2.3) lib/rack/session/abstract/id.rb:260:in `call'
actionpack (6.0.3.3) lib/action_dispatch/middleware/cookies.rb:648:in `call'
activerecord (6.0.3.3) lib/active_record/migration.rb:567:in `call'
actionpack (6.0.3.3) lib/action_dispatch/middleware/callbacks.rb:27:in `block in call'
activesupport (6.0.3.3) lib/active_support/callbacks.rb:101:in `run_callbacks'
actionpack (6.0.3.3) lib/action_dispatch/middleware/callbacks.rb:26:in `call'
actionpack (6.0.3.3) lib/action_dispatch/middleware/executor.rb:14:in `call'
actionpack (6.0.3.3) lib/action_dispatch/middleware/actionable_exceptions.rb:17:in `call'
actionpack (6.0.3.3) lib/action_dispatch/middleware/debug_exceptions.rb:32:in `call'
web-console (4.0.4) lib/web_console/middleware.rb:132:in `call_app'
web-console (4.0.4) lib/web_console/middleware.rb:28:in `block in call'
web-console (4.0.4) lib/web_console/middleware.rb:17:in `catch'
web-console (4.0.4) lib/web_console/middleware.rb:17:in `call'
actionpack (6.0.3.3) lib/action_dispatch/middleware/show_exceptions.rb:33:in `call'
railties (6.0.3.3) lib/rails/rack/logger.rb:37:in `call_app'
railties (6.0.3.3) lib/rails/rack/logger.rb:26:in `block in call'
activesupport (6.0.3.3) lib/active_support/tagged_logging.rb:80:in `block in tagged'
activesupport (6.0.3.3) lib/active_support/tagged_logging.rb:28:in `tagged'
activesupport (6.0.3.3) lib/active_support/tagged_logging.rb:80:in `tagged'
railties (6.0.3.3) lib/rails/rack/logger.rb:26:in `call'
sprockets-rails (3.2.2) lib/sprockets/rails/quiet_assets.rb:13:in `call'
actionpack (6.0.3.3) lib/action_dispatch/middleware/remote_ip.rb:81:in `call'
actionpack (6.0.3.3) lib/action_dispatch/middleware/request_id.rb:27:in `call'
rack (2.2.3) lib/rack/method_override.rb:24:in `call'
rack (2.2.3) lib/rack/runtime.rb:22:in `call'
activesupport (6.0.3.3) lib/active_support/cache/strategy/local_cache_middleware.rb:29:in `call'
actionpack (6.0.3.3) lib/action_dispatch/middleware/executor.rb:14:in `call'
actionpack (6.0.3.3) lib/action_dispatch/middleware/static.rb:126:in `call'
rack (2.2.3) lib/rack/sendfile.rb:110:in `call'
actionpack (6.0.3.3) lib/action_dispatch/middleware/host_authorization.rb:82:in `call'
webpacker (4.3.0) lib/webpacker/dev_server_proxy.rb:23:in `perform_request'
rack-proxy (0.6.5) lib/rack/proxy.rb:57:in `call'
railties (6.0.3.3) lib/rails/engine.rb:527:in `call'
puma (4.3.6) lib/puma/configuration.rb:228:in `call'
puma (4.3.6) lib/puma/server.rb:713:in `handle_request'
puma (4.3.6) lib/puma/server.rb:472:in `process_client'
puma (4.3.6) lib/puma/server.rb:328:in `block in run'
puma (4.3.6) lib/puma/thread_pool.rb:134:in `block in spawn_thread'
Started GET "/" for 127.0.0.1 at 2020-10-17 17:01:01 -0300
  [1m[35m (0.1ms)[0m  [1m[34mSELECT sqlite_version(*)[0m
Processing by TodoListsController#index as HTML
  Rendering todo_lists/index.html.erb within layouts/application
  [1m[36mTodoList Load (0.7ms)[0m  [1m[34mSELECT "todo_lists".* FROM "todo_lists"[0m
  ↳ app/views/todo_lists/index.html.erb:15
  Rendered todo_lists/index.html.erb within layouts/application (Duration: 17.5ms | Allocations: 4057)
[Webpacker] Everything's up-to-date. Nothing to do
Completed 200 OK in 40ms (Views: 33.1ms | ActiveRecord: 1.7ms | Allocations: 8725)


Started GET "/todo_lists/2" for 127.0.0.1 at 2020-10-17 17:01:06 -0300
  [1m[35m (0.5ms)[0m  [1m[34mSELECT sqlite_version(*)[0m
Processing by TodoListsController#show as HTML
  Parameters: {"id"=>"2"}
  [1m[36mTodoList Load (1.0ms)[0m  [1m[34mSELECT "todo_lists".* FROM "todo_lists" WHERE "todo_lists"."id" = ? LIMIT ?[0m  [["id", 2], ["LIMIT", 1]]
  ↳ app/controllers/todo_lists_controller.rb:67:in `set_todo_list'
  Rendering todo_lists/show.html.erb within layouts/application
  [1m[36mTodoItem Load (0.5ms)[0m  [1m[34mSELECT "todo_items".* FROM "todo_items" WHERE "todo_items"."todo_list_id" = ?[0m  [["todo_list_id", 2]]
  ↳ app/views/todo_lists/show.html.erb:14
  Rendered collection of todo_items/_todo_item.html.erb [3 times] (Duration: 0.7ms | Allocations: 205)
  Rendered todo_items/_form.html.erb (Duration: 2.9ms | Allocations: 655)
  Rendered todo_lists/show.html.erb within layouts/application (Duration: 28.4ms | Allocations: 5260)
[Webpacker] Everything's up-to-date. Nothing to do
Completed 200 OK in 72ms (Views: 38.2ms | ActiveRecord: 6.9ms | Allocations: 13119)


Started DELETE "/todo_lists/2/todo_items/1" for 127.0.0.1 at 2020-10-17 17:01:10 -0300
  [1m[35m (0.1ms)[0m  [1m[34mSELECT sqlite_version(*)[0m
Processing by TodoItemsController#destroy as HTML
  Parameters: {"authenticity_token"=>"9aX96xESRle85I9OanZ433TlsiyXSSHLdxyh88NePAw/AcBatyl7hh/T5pPHqRqRxgVZZjYC7fev91BG8haIAg==", "todo_list_id"=>"2", "id"=>"1"}
  [1m[36mTodoList Load (0.2ms)[0m  [1m[34mSELECT "todo_lists".* FROM "todo_lists" WHERE "todo_lists"."id" = ? LIMIT ?[0m  [["id", 2], ["LIMIT", 1]]
  ↳ app/controllers/todo_items_controller.rb:24:in `set_todo_list'
  [1m[36mTodoItem Load (0.3ms)[0m  [1m[34mSELECT "todo_items".* FROM "todo_items" WHERE "todo_items"."todo_list_id" = ? AND "todo_items"."id" = ? LIMIT ?[0m  [["todo_list_id", 2], ["id", 1], ["LIMIT", 1]]
  ↳ app/controllers/todo_items_controller.rb:10:in `destroy'
  [1m[35m (0.3ms)[0m  [1m[36mbegin transaction[0m
  ↳ app/controllers/todo_items_controller.rb:12:in `destroy'
  [1m[36mTodoItem Destroy (0.6ms)[0m  [1m[31mDELETE FROM "todo_items" WHERE "todo_items"."id" = ?[0m  [["id", 1]]
  ↳ app/controllers/todo_items_controller.rb:12:in `destroy'
  [1m[35m (5.3ms)[0m  [1m[36mcommit transaction[0m
  ↳ app/controllers/todo_items_controller.rb:12:in `destroy'
Redirected to http://localhost:3000/todo_lists/2
Completed 302 Found in 40ms (ActiveRecord: 8.3ms | Allocations: 10448)


Started GET "/todo_lists/2" for 127.0.0.1 at 2020-10-17 17:01:10 -0300
  [1m[35m (0.1ms)[0m  [1m[34mSELECT sqlite_version(*)[0m
Processing by TodoListsController#show as HTML
  Parameters: {"id"=>"2"}
  [1m[36mTodoList Load (0.1ms)[0m  [1m[34mSELECT "todo_lists".* FROM "todo_lists" WHERE "todo_lists"."id" = ? LIMIT ?[0m  [["id", 2], ["LIMIT", 1]]
  ↳ app/controllers/todo_lists_controller.rb:67:in `set_todo_list'
  Rendering todo_lists/show.html.erb within layouts/application
  [1m[36mTodoItem Load (0.3ms)[0m  [1m[34mSELECT "todo_items".* FROM "todo_items" WHERE "todo_items"."todo_list_id" = ?[0m  [["todo_list_id", 2]]
  ↳ app/views/todo_lists/show.html.erb:14
  Rendered collection of todo_items/_todo_item.html.erb [2 times] (Duration: 0.5ms | Allocations: 144)
  Rendered todo_items/_form.html.erb (Duration: 2.4ms | Allocations: 641)
  Rendered todo_lists/show.html.erb within layouts/application (Duration: 17.7ms | Allocations: 5151)
[Webpacker] Everything's up-to-date. Nothing to do
Completed 200 OK in 42ms (Views: 26.1ms | ActiveRecord: 2.2ms | Allocations: 13038)


